ERROR - 2023-02-27 07:25:49 --> Error connecting to the database: mysqli_sql_exception: No connection could be made because the target machine actively refused it in C:\xampp\htdocs\admin-thorada\system\Database\MySQLi\Connection.php:174
Stack trace:
#0 C:\xampp\htdocs\admin-thorada\system\Database\MySQLi\Connection.php(174): mysqli->real_connect('localhost', 'root', '', 'thorada', 3306, '', 0)
#1 C:\xampp\htdocs\admin-thorada\system\Database\BaseConnection.php(391): CodeIgniter\Database\MySQLi\Connection->connect(false)
#2 C:\xampp\htdocs\admin-thorada\system\Database\BaseConnection.php(573): CodeIgniter\Database\BaseConnection->initialize()
#3 C:\xampp\htdocs\admin-thorada\system\Database\BaseBuilder.php(1602): CodeIgniter\Database\BaseConnection->query('SELECT *\nFROM `...', Array, false)
#4 C:\xampp\htdocs\admin-thorada\system\Model.php(240): CodeIgniter\Database\BaseBuilder->get()
#5 C:\xampp\htdocs\admin-thorada\system\BaseModel.php(618): CodeIgniter\Model->doFindAll(0, 0)
#6 C:\xampp\htdocs\admin-thorada\app\Helpers\analytics_helper.php(23): CodeIgniter\BaseModel->findAll()
#7 C:\xampp\htdocs\admin-thorada\app\Helpers\analytics_helper.php(75): product_analytics()
#8 C:\xampp\htdocs\admin-thorada\app\Controllers\Dashboard.php(12): dashboard_analytics()
#9 C:\xampp\htdocs\admin-thorada\system\CodeIgniter.php(934): App\Controllers\Dashboard->index()
#10 C:\xampp\htdocs\admin-thorada\system\CodeIgniter.php(499): CodeIgniter\CodeIgniter->runController(Object(App\Controllers\Dashboard))
#11 C:\xampp\htdocs\admin-thorada\system\CodeIgniter.php(368): CodeIgniter\CodeIgniter->handleRequest(NULL, Object(Config\Cache), false)
#12 C:\xampp\htdocs\admin-thorada\public\index.php(67): CodeIgniter\CodeIgniter->run()
#13 C:\xampp\htdocs\admin-thorada\system\Commands\Server\rewrite.php(47): require_once('C:\\xampp\\htdocs...')
#14 {main}

Next CodeIgniter\Database\Exceptions\DatabaseException: No connection could be made because the target machine actively refused it in C:\xampp\htdocs\admin-thorada\system\Database\MySQLi\Connection.php:218
Stack trace:
#0 C:\xampp\htdocs\admin-thorada\system\Database\BaseConnection.php(391): CodeIgniter\Database\MySQLi\Connection->connect(false)
#1 C:\xampp\htdocs\admin-thorada\system\Database\BaseConnection.php(573): CodeIgniter\Database\BaseConnection->initialize()
#2 C:\xampp\htdocs\admin-thorada\system\Database\BaseBuilder.php(1602): CodeIgniter\Database\BaseConnection->query('SELECT *\nFROM `...', Array, false)
#3 C:\xampp\htdocs\admin-thorada\system\Model.php(240): CodeIgniter\Database\BaseBuilder->get()
#4 C:\xampp\htdocs\admin-thorada\system\BaseModel.php(618): CodeIgniter\Model->doFindAll(0, 0)
#5 C:\xampp\htdocs\admin-thorada\app\Helpers\analytics_helper.php(23): CodeIgniter\BaseModel->findAll()
#6 C:\xampp\htdocs\admin-thorada\app\Helpers\analytics_helper.php(75): product_analytics()
#7 C:\xampp\htdocs\admin-thorada\app\Controllers\Dashboard.php(12): dashboard_analytics()
#8 C:\xampp\htdocs\admin-thorada\system\CodeIgniter.php(934): App\Controllers\Dashboard->index()
#9 C:\xampp\htdocs\admin-thorada\system\CodeIgniter.php(499): CodeIgniter\CodeIgniter->runController(Object(App\Controllers\Dashboard))
#10 C:\xampp\htdocs\admin-thorada\system\CodeIgniter.php(368): CodeIgniter\CodeIgniter->handleRequest(NULL, Object(Config\Cache), false)
#11 C:\xampp\htdocs\admin-thorada\public\index.php(67): CodeIgniter\CodeIgniter->run()
#12 C:\xampp\htdocs\admin-thorada\system\Commands\Server\rewrite.php(47): require_once('C:\\xampp\\htdocs...')
#13 {main}
CRITICAL - 2023-02-27 07:25:49 --> Unable to connect to the database.
Main connection [MySQLi]: No connection could be made because the target machine actively refused it
in SYSTEMPATH\Database\BaseConnection.php on line 427.
 1 SYSTEMPATH\Database\BaseConnection.php(573): CodeIgniter\Database\BaseConnection->initialize()
 2 SYSTEMPATH\Database\BaseBuilder.php(1602): CodeIgniter\Database\BaseConnection->query('SELECT *
FROM `products`', [], false)
 3 SYSTEMPATH\Model.php(240): CodeIgniter\Database\BaseBuilder->get()
 4 SYSTEMPATH\BaseModel.php(618): CodeIgniter\Model->doFindAll(0, 0)
 5 APPPATH\Helpers\analytics_helper.php(23): CodeIgniter\BaseModel->findAll()
 6 APPPATH\Helpers\analytics_helper.php(75): product_analytics()
 7 APPPATH\Controllers\Dashboard.php(12): dashboard_analytics()
 8 SYSTEMPATH\CodeIgniter.php(934): App\Controllers\Dashboard->index()
 9 SYSTEMPATH\CodeIgniter.php(499): CodeIgniter\CodeIgniter->runController(Object(App\Controllers\Dashboard))
10 SYSTEMPATH\CodeIgniter.php(368): CodeIgniter\CodeIgniter->handleRequest(null, Object(Config\Cache), false)
11 FCPATH\index.php(67): CodeIgniter\CodeIgniter->run()
12 SYSTEMPATH\Commands\Server\rewrite.php(47): require_once('FCPATH\\index.php')
ERROR - 2023-02-27 07:28:04 --> Error connecting to the database: mysqli_sql_exception: No connection could be made because the target machine actively refused it in C:\xampp\htdocs\admin-thorada\system\Database\MySQLi\Connection.php:174
Stack trace:
#0 C:\xampp\htdocs\admin-thorada\system\Database\MySQLi\Connection.php(174): mysqli->real_connect('localhost', 'root', '', 'thorada', 3306, '', 0)
#1 C:\xampp\htdocs\admin-thorada\system\Database\BaseConnection.php(391): CodeIgniter\Database\MySQLi\Connection->connect(false)
#2 C:\xampp\htdocs\admin-thorada\system\Database\BaseConnection.php(573): CodeIgniter\Database\BaseConnection->initialize()
#3 C:\xampp\htdocs\admin-thorada\system\Database\BaseBuilder.php(1602): CodeIgniter\Database\BaseConnection->query('SELECT *\nFROM `...', Array, false)
#4 C:\xampp\htdocs\admin-thorada\system\Model.php(240): CodeIgniter\Database\BaseBuilder->get()
#5 C:\xampp\htdocs\admin-thorada\system\BaseModel.php(618): CodeIgniter\Model->doFindAll(0, 0)
#6 C:\xampp\htdocs\admin-thorada\app\Helpers\analytics_helper.php(23): CodeIgniter\BaseModel->findAll()
#7 C:\xampp\htdocs\admin-thorada\app\Helpers\analytics_helper.php(75): product_analytics()
#8 C:\xampp\htdocs\admin-thorada\app\Controllers\Dashboard.php(12): dashboard_analytics()
#9 C:\xampp\htdocs\admin-thorada\system\CodeIgniter.php(934): App\Controllers\Dashboard->index()
#10 C:\xampp\htdocs\admin-thorada\system\CodeIgniter.php(499): CodeIgniter\CodeIgniter->runController(Object(App\Controllers\Dashboard))
#11 C:\xampp\htdocs\admin-thorada\system\CodeIgniter.php(368): CodeIgniter\CodeIgniter->handleRequest(NULL, Object(Config\Cache), false)
#12 C:\xampp\htdocs\admin-thorada\public\index.php(67): CodeIgniter\CodeIgniter->run()
#13 C:\xampp\htdocs\admin-thorada\system\Commands\Server\rewrite.php(47): require_once('C:\\xampp\\htdocs...')
#14 {main}

Next CodeIgniter\Database\Exceptions\DatabaseException: No connection could be made because the target machine actively refused it in C:\xampp\htdocs\admin-thorada\system\Database\MySQLi\Connection.php:218
Stack trace:
#0 C:\xampp\htdocs\admin-thorada\system\Database\BaseConnection.php(391): CodeIgniter\Database\MySQLi\Connection->connect(false)
#1 C:\xampp\htdocs\admin-thorada\system\Database\BaseConnection.php(573): CodeIgniter\Database\BaseConnection->initialize()
#2 C:\xampp\htdocs\admin-thorada\system\Database\BaseBuilder.php(1602): CodeIgniter\Database\BaseConnection->query('SELECT *\nFROM `...', Array, false)
#3 C:\xampp\htdocs\admin-thorada\system\Model.php(240): CodeIgniter\Database\BaseBuilder->get()
#4 C:\xampp\htdocs\admin-thorada\system\BaseModel.php(618): CodeIgniter\Model->doFindAll(0, 0)
#5 C:\xampp\htdocs\admin-thorada\app\Helpers\analytics_helper.php(23): CodeIgniter\BaseModel->findAll()
#6 C:\xampp\htdocs\admin-thorada\app\Helpers\analytics_helper.php(75): product_analytics()
#7 C:\xampp\htdocs\admin-thorada\app\Controllers\Dashboard.php(12): dashboard_analytics()
#8 C:\xampp\htdocs\admin-thorada\system\CodeIgniter.php(934): App\Controllers\Dashboard->index()
#9 C:\xampp\htdocs\admin-thorada\system\CodeIgniter.php(499): CodeIgniter\CodeIgniter->runController(Object(App\Controllers\Dashboard))
#10 C:\xampp\htdocs\admin-thorada\system\CodeIgniter.php(368): CodeIgniter\CodeIgniter->handleRequest(NULL, Object(Config\Cache), false)
#11 C:\xampp\htdocs\admin-thorada\public\index.php(67): CodeIgniter\CodeIgniter->run()
#12 C:\xampp\htdocs\admin-thorada\system\Commands\Server\rewrite.php(47): require_once('C:\\xampp\\htdocs...')
#13 {main}
CRITICAL - 2023-02-27 07:28:04 --> Unable to connect to the database.
Main connection [MySQLi]: No connection could be made because the target machine actively refused it
in SYSTEMPATH\Database\BaseConnection.php on line 427.
 1 SYSTEMPATH\Database\BaseConnection.php(573): CodeIgniter\Database\BaseConnection->initialize()
 2 SYSTEMPATH\Database\BaseBuilder.php(1602): CodeIgniter\Database\BaseConnection->query('SELECT *
FROM `products`', [], false)
 3 SYSTEMPATH\Model.php(240): CodeIgniter\Database\BaseBuilder->get()
 4 SYSTEMPATH\BaseModel.php(618): CodeIgniter\Model->doFindAll(0, 0)
 5 APPPATH\Helpers\analytics_helper.php(23): CodeIgniter\BaseModel->findAll()
 6 APPPATH\Helpers\analytics_helper.php(75): product_analytics()
 7 APPPATH\Controllers\Dashboard.php(12): dashboard_analytics()
 8 SYSTEMPATH\CodeIgniter.php(934): App\Controllers\Dashboard->index()
 9 SYSTEMPATH\CodeIgniter.php(499): CodeIgniter\CodeIgniter->runController(Object(App\Controllers\Dashboard))
10 SYSTEMPATH\CodeIgniter.php(368): CodeIgniter\CodeIgniter->handleRequest(null, Object(Config\Cache), false)
11 FCPATH\index.php(67): CodeIgniter\CodeIgniter->run()
12 SYSTEMPATH\Commands\Server\rewrite.php(47): require_once('FCPATH\\index.php')
CRITICAL - 2023-02-27 13:11:34 --> Attempt to read property "u_password" on array
in APPPATH\Controllers\Authentication.php on line 34.
 1 APPPATH\Controllers\Authentication.php(34): CodeIgniter\Debug\Exceptions->errorHandler(2, 'Attempt to read property "u_password" on array', 'APPPATH\\Controllers\\Authentication.php', 34)
 2 SYSTEMPATH\CodeIgniter.php(934): App\Controllers\Authentication->checkLogin()
 3 SYSTEMPATH\CodeIgniter.php(499): CodeIgniter\CodeIgniter->runController(Object(App\Controllers\Authentication))
 4 SYSTEMPATH\CodeIgniter.php(368): CodeIgniter\CodeIgniter->handleRequest(null, Object(Config\Cache), false)
 5 FCPATH\index.php(67): CodeIgniter\CodeIgniter->run()
 6 SYSTEMPATH\Commands\Server\rewrite.php(47): require_once('FCPATH\\index.php')
CRITICAL - 2023-02-27 13:14:57 --> Attempt to read property "first_name" on array
in APPPATH\Helpers\utility_helper.php on line 23.
 1 APPPATH\Helpers\utility_helper.php(23): CodeIgniter\Debug\Exceptions->errorHandler(2, 'Attempt to read property "first_name" on array', 'APPPATH\\Helpers\\utility_helper.php', 23)
 2 APPPATH\Controllers\Authentication.php(42): user_full_name('2')
 3 SYSTEMPATH\CodeIgniter.php(934): App\Controllers\Authentication->checkLogin()
 4 SYSTEMPATH\CodeIgniter.php(499): CodeIgniter\CodeIgniter->runController(Object(App\Controllers\Authentication))
 5 SYSTEMPATH\CodeIgniter.php(368): CodeIgniter\CodeIgniter->handleRequest(null, Object(Config\Cache), false)
 6 FCPATH\index.php(67): CodeIgniter\CodeIgniter->run()
 7 SYSTEMPATH\Commands\Server\rewrite.php(47): require_once('FCPATH\\index.php')
CRITICAL - 2023-02-27 13:15:40 --> Undefined array key "first_name"
in APPPATH\Helpers\utility_helper.php on line 23.
 1 APPPATH\Helpers\utility_helper.php(23): CodeIgniter\Debug\Exceptions->errorHandler(2, 'Undefined array key "first_name"', 'APPPATH\\Helpers\\utility_helper.php', 23)
 2 APPPATH\Controllers\Authentication.php(42): user_full_name('2')
 3 SYSTEMPATH\CodeIgniter.php(934): App\Controllers\Authentication->checkLogin()
 4 SYSTEMPATH\CodeIgniter.php(499): CodeIgniter\CodeIgniter->runController(Object(App\Controllers\Authentication))
 5 SYSTEMPATH\CodeIgniter.php(368): CodeIgniter\CodeIgniter->handleRequest(null, Object(Config\Cache), false)
 6 FCPATH\index.php(67): CodeIgniter\CodeIgniter->run()
 7 SYSTEMPATH\Commands\Server\rewrite.php(47): require_once('FCPATH\\index.php')
