CRITICAL - 2023-02-23 07:49:17 --> Undefined array key "order_details"
in APPPATH\Views\order\order-list.php on line 55.
 1 APPPATH\Views\order\order-list.php(55): CodeIgniter\Debug\Exceptions->errorHandler(2, 'Undefined array key "order_details"', 'APPPATH\\Views\\order\\order-list.php', 55)
 2 SYSTEMPATH\View\View.php(213): include('APPPATH\\Views\\order\\order-list.php')
 3 SYSTEMPATH\View\View.php(216): CodeIgniter\View\View->CodeIgniter\View\{closure}()
 4 SYSTEMPATH\Common.php(1177): CodeIgniter\View\View->render('order/order-list', [], true)
 5 APPPATH\Controllers\Order.php(30): view('order/order-list', [...])
 6 SYSTEMPATH\CodeIgniter.php(934): App\Controllers\Order->index()
 7 SYSTEMPATH\CodeIgniter.php(499): CodeIgniter\CodeIgniter->runController(Object(App\Controllers\Order))
 8 SYSTEMPATH\CodeIgniter.php(368): CodeIgniter\CodeIgniter->handleRequest(null, Object(Config\Cache), false)
 9 FCPATH\index.php(67): CodeIgniter\CodeIgniter->run()
10 SYSTEMPATH\Commands\Server\rewrite.php(47): require_once('FCPATH\\index.php')
CRITICAL - 2023-02-23 07:53:14 --> Trying to access array offset on value of type null
in APPPATH\Views\order\order-list.php on line 58.
 1 APPPATH\Views\order\order-list.php(58): CodeIgniter\Debug\Exceptions->errorHandler(2, 'Trying to access array offset on value of type null', 'APPPATH\\Views\\order\\order-list.php', 58)
 2 SYSTEMPATH\View\View.php(213): include('APPPATH\\Views\\order\\order-list.php')
 3 SYSTEMPATH\View\View.php(216): CodeIgniter\View\View->CodeIgniter\View\{closure}()
 4 SYSTEMPATH\Common.php(1177): CodeIgniter\View\View->render('order/order-list', [], true)
 5 APPPATH\Controllers\Order.php(39): view('order/order-list', [...])
 6 SYSTEMPATH\CodeIgniter.php(934): App\Controllers\Order->index()
 7 SYSTEMPATH\CodeIgniter.php(499): CodeIgniter\CodeIgniter->runController(Object(App\Controllers\Order))
 8 SYSTEMPATH\CodeIgniter.php(368): CodeIgniter\CodeIgniter->handleRequest(null, Object(Config\Cache), false)
 9 FCPATH\index.php(67): CodeIgniter\CodeIgniter->run()
10 SYSTEMPATH\Commands\Server\rewrite.php(47): require_once('FCPATH\\index.php')
CRITICAL - 2023-02-23 07:56:58 --> Undefined array key "order_pay"
in APPPATH\Views\order\order-list.php on line 60.
 1 APPPATH\Views\order\order-list.php(60): CodeIgniter\Debug\Exceptions->errorHandler(2, 'Undefined array key "order_pay"', 'APPPATH\\Views\\order\\order-list.php', 60)
 2 SYSTEMPATH\View\View.php(213): include('APPPATH\\Views\\order\\order-list.php')
 3 SYSTEMPATH\View\View.php(216): CodeIgniter\View\View->CodeIgniter\View\{closure}()
 4 SYSTEMPATH\Common.php(1177): CodeIgniter\View\View->render('order/order-list', [], true)
 5 APPPATH\Controllers\Order.php(39): view('order/order-list', [...])
 6 SYSTEMPATH\CodeIgniter.php(934): App\Controllers\Order->index()
 7 SYSTEMPATH\CodeIgniter.php(499): CodeIgniter\CodeIgniter->runController(Object(App\Controllers\Order))
 8 SYSTEMPATH\CodeIgniter.php(368): CodeIgniter\CodeIgniter->handleRequest(null, Object(Config\Cache), false)
 9 FCPATH\index.php(67): CodeIgniter\CodeIgniter->run()
10 SYSTEMPATH\Commands\Server\rewrite.php(47): require_once('FCPATH\\index.php')
CRITICAL - 2023-02-23 08:02:21 --> Invalid file: "2000.php"
in SYSTEMPATH\Exceptions\FrameworkException.php on line 33.
 1 SYSTEMPATH\View\View.php(201): CodeIgniter\Exceptions\FrameworkException::forInvalidFile('2000.php')
 2 SYSTEMPATH\Common.php(1177): CodeIgniter\View\View->render('2000', [], true)
 3 APPPATH\Views\order\order-list.php(68): view('2000')
 4 SYSTEMPATH\View\View.php(213): include('APPPATH\\Views\\order\\order-list.php')
 5 SYSTEMPATH\View\View.php(216): CodeIgniter\View\View->CodeIgniter\View\{closure}()
 6 SYSTEMPATH\Common.php(1177): CodeIgniter\View\View->render('order/order-list', [], true)
 7 APPPATH\Controllers\Order.php(46): view('order/order-list', [...])
 8 SYSTEMPATH\CodeIgniter.php(934): App\Controllers\Order->index()
 9 SYSTEMPATH\CodeIgniter.php(499): CodeIgniter\CodeIgniter->runController(Object(App\Controllers\Order))
10 SYSTEMPATH\CodeIgniter.php(368): CodeIgniter\CodeIgniter->handleRequest(null, Object(Config\Cache), false)
11 FCPATH\index.php(67): CodeIgniter\CodeIgniter->run()
12 SYSTEMPATH\Commands\Server\rewrite.php(47): require_once('FCPATH\\index.php')
